2018-07-27 09:34:24.604 DEBUG 740 --- [restartedMain] o.s.w.c.s.StandardServletEnvironment     : Adding PropertySource 'configurationProperties' with highest search precedence
2018-07-27 09:34:24.654 DEBUG 740 --- [restartedMain] o.s.w.c.s.StandardServletEnvironment     : Adding PropertySource 'servletConfigInitParams' with lowest search precedence
2018-07-27 09:34:24.655 DEBUG 740 --- [restartedMain] o.s.w.c.s.StandardServletEnvironment     : Adding PropertySource 'servletContextInitParams' with lowest search precedence
2018-07-27 09:34:24.656 DEBUG 740 --- [restartedMain] o.s.w.c.s.StandardServletEnvironment     : Adding PropertySource 'systemProperties' with lowest search precedence
2018-07-27 09:34:24.657 DEBUG 740 --- [restartedMain] o.s.w.c.s.StandardServletEnvironment     : Adding PropertySource 'systemEnvironment' with lowest search precedence
2018-07-27 09:34:24.658 DEBUG 740 --- [restartedMain] o.s.w.c.s.StandardServletEnvironment     : Initialized StandardServletEnvironment with PropertySources [StubPropertySource {name='servletConfigInitParams'}, StubPropertySource {name='servletContextInitParams'}, MapPropertySource {name='systemProperties'}, SystemEnvironmentPropertySource {name='systemEnvironment'}]
2018-07-27 09:34:24.712  INFO 740 --- [restartedMain] c.e.z.ZzspringbootApplication            : Starting ZzspringbootApplication on bogon with PID 740 (/Users/zhoupei/Documents/ideagit/zzspringboot/target/classes started by zhoupei in /Users/zhoupei/Documents/ideagit/zzspringboot)
2018-07-27 09:34:24.712  INFO 740 --- [restartedMain] c.e.z.ZzspringbootApplication            : The following profiles are active: dev
2018-07-27 09:34:24.771  INFO 740 --- [restartedMain] ConfigServletWebServerApplicationContext : Refreshing org.springframework.boot.web.servlet.context.AnnotationConfigServletWebServerApplicationContext@7f7d223b: startup date [Fri Jul 27 09:34:24 CST 2018]; root of context hierarchy
2018-07-27 09:34:25.024 DEBUG 740 --- [restartedMain] o.s.w.c.s.StandardServletEnvironment     : Adding PropertySource 'class path resource [resource.properties]' with lowest search precedence
2018-07-27 09:34:25.697  INFO 740 --- [restartedMain] .s.d.r.c.RepositoryConfigurationDelegate : Multiple Spring Data modules found, entering strict repository configuration mode!
2018-07-27 09:34:26.022 DEBUG 740 --- [restartedMain] o.s.w.c.s.StandardServletEnvironment     : Removing PropertySource 'defaultProperties'
2018-07-27 09:34:26.210  INFO 740 --- [restartedMain] trationDelegate$BeanPostProcessorChecker : Bean 'org.springframework.transaction.annotation.ProxyTransactionManagementConfiguration' of type [org.springframework.transaction.annotation.ProxyTransactionManagementConfiguration$$EnhancerBySpringCGLIB$$1c84e00c] is not eligible for getting processed by all BeanPostProcessors (for example: not eligible for auto-proxying)
2018-07-27 09:34:26.571  INFO 740 --- [restartedMain] o.s.b.w.embedded.tomcat.TomcatWebServer  : Tomcat initialized with port(s): 8080 (http)
2018-07-27 09:34:26.597  INFO 740 --- [restartedMain] o.apache.catalina.core.StandardService   : Starting service [Tomcat]
2018-07-27 09:34:26.597  INFO 740 --- [restartedMain] org.apache.catalina.core.StandardEngine  : Starting Servlet Engine: Apache Tomcat/8.5.31
2018-07-27 09:34:26.601  INFO 740 --- [localhost-startStop-1] o.a.catalina.core.AprLifecycleListener   : The APR based Apache Tomcat Native library which allows optimal performance in production environments was not found on the java.library.path: [/Users/zhoupei/Library/Java/Extensions:/Library/Java/Extensions:/Network/Library/Java/Extensions:/System/Library/Java/Extensions:/usr/lib/java:.]
2018-07-27 09:34:26.677  INFO 740 --- [localhost-startStop-1] o.a.c.c.C.[Tomcat].[localhost].[/zz]     : Initializing Spring embedded WebApplicationContext
2018-07-27 09:34:26.677 DEBUG 740 --- [localhost-startStop-1] o.s.web.context.ContextLoader            : Published root WebApplicationContext as ServletContext attribute with name [org.springframework.web.context.WebApplicationContext.ROOT]
2018-07-27 09:34:26.677  INFO 740 --- [localhost-startStop-1] o.s.web.context.ContextLoader            : Root WebApplicationContext: initialization completed in 1907 ms
2018-07-27 09:34:26.863  INFO 740 --- [localhost-startStop-1] o.s.b.w.servlet.ServletRegistrationBean  : Servlet dispatcherServlet mapped to [/]
2018-07-27 09:34:26.864  INFO 740 --- [localhost-startStop-1] o.s.b.w.servlet.ServletRegistrationBean  : Servlet statViewServlet mapped to [/druid/*]
2018-07-27 09:34:26.868  INFO 740 --- [localhost-startStop-1] o.s.b.w.servlet.FilterRegistrationBean   : Mapping filter: 'characterEncodingFilter' to: [/*]
2018-07-27 09:34:26.868  INFO 740 --- [localhost-startStop-1] o.s.b.w.servlet.FilterRegistrationBean   : Mapping filter: 'hiddenHttpMethodFilter' to: [/*]
2018-07-27 09:34:26.868  INFO 740 --- [localhost-startStop-1] o.s.b.w.servlet.FilterRegistrationBean   : Mapping filter: 'httpPutFormContentFilter' to: [/*]
2018-07-27 09:34:26.868  INFO 740 --- [localhost-startStop-1] o.s.b.w.servlet.FilterRegistrationBean   : Mapping filter: 'requestContextFilter' to: [/*]
2018-07-27 09:34:26.869  INFO 740 --- [localhost-startStop-1] o.s.b.w.servlet.FilterRegistrationBean   : Mapping filter: 'webStatFilter' to urls: [/*]
2018-07-27 09:34:26.902 DEBUG 740 --- [restartedMain] o.s.w.c.s.StandardServletEnvironment     : Replacing PropertySource 'servletContextInitParams' with 'servletContextInitParams'
2018-07-27 09:34:26.958  INFO 740 --- [restartedMain] c.a.d.s.b.a.DruidDataSourceAutoConfigure : Init DruidDataSource
2018-07-27 09:34:27.449  INFO 740 --- [restartedMain] com.alibaba.druid.pool.DruidDataSource   : {dataSource-1} inited
2018-07-27 09:34:28.174  INFO 740 --- [restartedMain] o.s.w.s.handler.SimpleUrlHandlerMapping  : Mapped URL path [/**/favicon.ico] onto handler of type [class org.springframework.web.servlet.resource.ResourceHttpRequestHandler]
2018-07-27 09:34:28.543  INFO 740 --- [restartedMain] s.w.s.m.m.a.RequestMappingHandlerAdapter : Looking for @ControllerAdvice: org.springframework.boot.web.servlet.context.AnnotationConfigServletWebServerApplicationContext@7f7d223b: startup date [Fri Jul 27 09:34:24 CST 2018]; root of context hierarchy
2018-07-27 09:34:28.615 DEBUG 740 --- [restartedMain] s.w.s.m.m.a.RequestMappingHandlerMapping : Looking for request mappings in application context: org.springframework.boot.web.servlet.context.AnnotationConfigServletWebServerApplicationContext@7f7d223b: startup date [Fri Jul 27 09:34:24 CST 2018]; root of context hierarchy
2018-07-27 09:34:28.626 DEBUG 740 --- [restartedMain] s.w.s.m.m.a.RequestMappingHandlerMapping : 8 request handler methods found on class com.example.zzspringboot.controller.CustomerController: {public com.example.zzspringboot.utils.RestModel com.example.zzspringboot.controller.CustomerController.saveCustomer()={[/customer/save]}, public com.example.zzspringboot.utils.RestModel com.example.zzspringboot.controller.CustomerController.updateCustomer()={[/customer/update]}, public com.example.zzspringboot.utils.RestModel com.example.zzspringboot.controller.CustomerController.deleteCustomer(java.lang.Integer)={[/customer/delete/{id}]}, public com.example.zzspringboot.utils.RestModel com.example.zzspringboot.controller.CustomerController.selectCustomer(java.lang.Integer)={[/customer/select/{id}]}, public com.example.zzspringboot.utils.RestModel com.example.zzspringboot.controller.CustomerController.selectCustomerList(java.lang.String)={[/customer/selectList/{name}]}, public com.example.zzspringboot.utils.RestModel com.example.zzspringboot.controller.CustomerController.selectCustomerListPaged(java.lang.String,java.lang.Integer)={[/customer/selectListPaged/{name}/{page}]}, public com.example.zzspringboot.utils.RestModel com.example.zzspringboot.controller.CustomerController.selectListCount(java.lang.String)={[/customer/selectListCount/{name}]}, public com.example.zzspringboot.utils.RestModel com.example.zzspringboot.controller.CustomerController.selectById(java.lang.Integer)={[/customer/selectById/{id}]}}
2018-07-27 09:34:28.627  INFO 740 --- [restartedMain] s.w.s.m.m.a.RequestMappingHandlerMapping : Mapped "{[/customer/save]}" onto public com.example.zzspringboot.utils.RestModel com.example.zzspringboot.controller.CustomerController.saveCustomer()
2018-07-27 09:34:28.628  INFO 740 --- [restartedMain] s.w.s.m.m.a.RequestMappingHandlerMapping : Mapped "{[/customer/update]}" onto public com.example.zzspringboot.utils.RestModel com.example.zzspringboot.controller.CustomerController.updateCustomer()
2018-07-27 09:34:28.630  INFO 740 --- [restartedMain] s.w.s.m.m.a.RequestMappingHandlerMapping : Mapped "{[/customer/delete/{id}]}" onto public com.example.zzspringboot.utils.RestModel com.example.zzspringboot.controller.CustomerController.deleteCustomer(java.lang.Integer)
2018-07-27 09:34:28.630  INFO 740 --- [restartedMain] s.w.s.m.m.a.RequestMappingHandlerMapping : Mapped "{[/customer/select/{id}]}" onto public com.example.zzspringboot.utils.RestModel com.example.zzspringboot.controller.CustomerController.selectCustomer(java.lang.Integer)
2018-07-27 09:34:28.630  INFO 740 --- [restartedMain] s.w.s.m.m.a.RequestMappingHandlerMapping : Mapped "{[/customer/selectList/{name}]}" onto public com.example.zzspringboot.utils.RestModel com.example.zzspringboot.controller.CustomerController.selectCustomerList(java.lang.String)
2018-07-27 09:34:28.631  INFO 740 --- [restartedMain] s.w.s.m.m.a.RequestMappingHandlerMapping : Mapped "{[/customer/selectListPaged/{name}/{page}]}" onto public com.example.zzspringboot.utils.RestModel com.example.zzspringboot.controller.CustomerController.selectCustomerListPaged(java.lang.String,java.lang.Integer)
2018-07-27 09:34:28.631  INFO 740 --- [restartedMain] s.w.s.m.m.a.RequestMappingHandlerMapping : Mapped "{[/customer/selectListCount/{name}]}" onto public com.example.zzspringboot.utils.RestModel com.example.zzspringboot.controller.CustomerController.selectListCount(java.lang.String)
2018-07-27 09:34:28.631  INFO 740 --- [restartedMain] s.w.s.m.m.a.RequestMappingHandlerMapping : Mapped "{[/customer/selectById/{id}]}" onto public com.example.zzspringboot.utils.RestModel com.example.zzspringboot.controller.CustomerController.selectById(java.lang.Integer)
2018-07-27 09:34:28.632 DEBUG 740 --- [restartedMain] s.w.s.m.m.a.RequestMappingHandlerMapping : 1 request handler methods found on class com.example.zzspringboot.controller.DoTask: {public com.example.zzspringboot.utils.RestModel com.example.zzspringboot.controller.DoTask.doTask() throws java.lang.InterruptedException={[/task/doTask]}}
2018-07-27 09:34:28.632  INFO 740 --- [restartedMain] s.w.s.m.m.a.RequestMappingHandlerMapping : Mapped "{[/task/doTask]}" onto public com.example.zzspringboot.utils.RestModel com.example.zzspringboot.controller.DoTask.doTask() throws java.lang.InterruptedException
2018-07-27 09:34:28.632 DEBUG 740 --- [restartedMain] s.w.s.m.m.a.RequestMappingHandlerMapping : 1 request handler methods found on class com.example.zzspringboot.controller.RedisController: {public com.example.zzspringboot.utils.RestModel com.example.zzspringboot.controller.RedisController.test()={[/redis/test]}}
2018-07-27 09:34:28.633  INFO 740 --- [restartedMain] s.w.s.m.m.a.RequestMappingHandlerMapping : Mapped "{[/redis/test]}" onto public com.example.zzspringboot.utils.RestModel com.example.zzspringboot.controller.RedisController.test()
2018-07-27 09:34:28.633 DEBUG 740 --- [restartedMain] s.w.s.m.m.a.RequestMappingHandlerMapping : 3 request handler methods found on class com.example.zzspringboot.controller.UserController: {public com.example.zzspringboot.utils.RestModel com.example.zzspringboot.controller.UserController.getResource()={[/user/getResource]}, public com.example.zzspringboot.utils.RestModel com.example.zzspringboot.controller.UserController.exception()={[/user/exception]}, public com.example.zzspringboot.utils.RestModel com.example.zzspringboot.controller.UserController.getUser()={[/user/getUser]}}
2018-07-27 09:34:28.634  INFO 740 --- [restartedMain] s.w.s.m.m.a.RequestMappingHandlerMapping : Mapped "{[/user/getResource]}" onto public com.example.zzspringboot.utils.RestModel com.example.zzspringboot.controller.UserController.getResource()
2018-07-27 09:34:28.634  INFO 740 --- [restartedMain] s.w.s.m.m.a.RequestMappingHandlerMapping : Mapped "{[/user/exception]}" onto public com.example.zzspringboot.utils.RestModel com.example.zzspringboot.controller.UserController.exception()
2018-07-27 09:34:28.634  INFO 740 --- [restartedMain] s.w.s.m.m.a.RequestMappingHandlerMapping : Mapped "{[/user/getUser]}" onto public com.example.zzspringboot.utils.RestModel com.example.zzspringboot.controller.UserController.getUser()
2018-07-27 09:34:28.637 DEBUG 740 --- [restartedMain] s.w.s.m.m.a.RequestMappingHandlerMapping : 2 request handler methods found on class org.springframework.boot.autoconfigure.web.servlet.error.BasicErrorController: {public org.springframework.http.ResponseEntity org.springframework.boot.autoconfigure.web.servlet.error.BasicErrorController.error(javax.servlet.http.HttpServletRequest)={[/error]}, public org.springframework.web.servlet.ModelAndView org.springframework.boot.autoconfigure.web.servlet.error.BasicErrorController.errorHtml(javax.servlet.http.HttpServletRequest,javax.servlet.http.HttpServletResponse)={[/error],produces=[text/html]}}
2018-07-27 09:34:28.638  INFO 740 --- [restartedMain] s.w.s.m.m.a.RequestMappingHandlerMapping : Mapped "{[/error]}" onto public org.springframework.http.ResponseEntity<java.util.Map<java.lang.String, java.lang.Object>> org.springframework.boot.autoconfigure.web.servlet.error.BasicErrorController.error(javax.servlet.http.HttpServletRequest)
2018-07-27 09:34:28.638  INFO 740 --- [restartedMain] s.w.s.m.m.a.RequestMappingHandlerMapping : Mapped "{[/error],produces=[text/html]}" onto public org.springframework.web.servlet.ModelAndView org.springframework.boot.autoconfigure.web.servlet.error.BasicErrorController.errorHtml(javax.servlet.http.HttpServletRequest,javax.servlet.http.HttpServletResponse)
2018-07-27 09:34:28.677 DEBUG 740 --- [restartedMain] o.s.w.s.h.BeanNameUrlHandlerMapping      : Looking for URL mappings in application context: org.springframework.boot.web.servlet.context.AnnotationConfigServletWebServerApplicationContext@7f7d223b: startup date [Fri Jul 27 09:34:24 CST 2018]; root of context hierarchy
2018-07-27 09:34:28.677 DEBUG 740 --- [restartedMain] o.s.w.s.h.BeanNameUrlHandlerMapping      : Rejected bean name 'org.springframework.context.annotation.internalConfigurationAnnotationProcessor': no URL paths identified
2018-07-27 09:34:28.678 DEBUG 740 --- [restartedMain] o.s.w.s.h.BeanNameUrlHandlerMapping      : Rejected bean name 'org.springframework.context.annotation.internalAutowiredAnnotationProcessor': no URL paths identified
2018-07-27 09:34:28.678 DEBUG 740 --- [restartedMain] o.s.w.s.h.BeanNameUrlHandlerMapping      : Rejected bean name 'org.springframework.context.annotation.internalRequiredAnnotationProcessor': no URL paths identified
2018-07-27 09:34:28.678 DEBUG 740 --- [restartedMain] o.s.w.s.h.BeanNameUrlHandlerMapping      : Rejected bean name 'org.springframework.context.annotation.internalCommonAnnotationProcessor': no URL paths identified
2018-07-27 09:34:28.678 DEBUG 740 --- [restartedMain] o.s.w.s.h.BeanNameUrlHandlerMapping      : Rejected bean name 'org.springframework.context.event.internalEventListenerProcessor': no URL paths identified
2018-07-27 09:34:28.678 DEBUG 740 --- [restartedMain] o.s.w.s.h.BeanNameUrlHandlerMapping      : Rejected bean name 'org.springframework.context.event.internalEventListenerFactory': no URL paths identified
2018-07-27 09:34:28.678 DEBUG 740 --- [restartedMain] o.s.w.s.h.BeanNameUrlHandlerMapping      : Rejected bean name 'zzspringbootApplication': no URL paths identified
2018-07-27 09:34:28.678 DEBUG 740 --- [restartedMain] o.s.w.s.h.BeanNameUrlHandlerMapping      : Rejected bean name 'org.springframework.boot.autoconfigure.internalCachingMetadataReaderFactory': no URL paths identified
2018-07-27 09:34:28.678 DEBUG 740 --- [restartedMain] o.s.w.s.h.BeanNameUrlHandlerMapping      : Rejected bean name 'webMvcConfigurer': no URL paths identified
2018-07-27 09:34:28.679 DEBUG 740 --- [restartedMain] o.s.w.s.h.BeanNameUrlHandlerMapping      : Rejected bean name 'customerController': no URL paths identified
2018-07-27 09:34:28.679 DEBUG 740 --- [restartedMain] o.s.w.s.h.BeanNameUrlHandlerMapping      : Rejected bean name 'doTask': no URL paths identified
2018-07-27 09:34:28.679 DEBUG 740 --- [restartedMain] o.s.w.s.h.BeanNameUrlHandlerMapping      : Rejected bean name 'redisController': no URL paths identified
2018-07-27 09:34:28.679 DEBUG 740 --- [restartedMain] o.s.w.s.h.BeanNameUrlHandlerMapping      : Rejected bean name 'userController': no URL paths identified
2018-07-27 09:34:28.679 DEBUG 740 --- [restartedMain] o.s.w.s.h.BeanNameUrlHandlerMapping      : Rejected bean name 'exceptionHandler': no URL paths identified
2018-07-27 09:34:28.679 DEBUG 740 --- [restartedMain] o.s.w.s.h.BeanNameUrlHandlerMapping      : Rejected bean name 'resource': no URL paths identified
2018-07-27 09:34:28.679 DEBUG 740 --- [restartedMain] o.s.w.s.h.BeanNameUrlHandlerMapping      : Rejected bean name 'customerServiceImpl': no URL paths identified
2018-07-27 09:34:28.679 DEBUG 740 --- [restartedMain] o.s.w.s.h.BeanNameUrlHandlerMapping      : Rejected bean name 'asyncTask': no URL paths identified
2018-07-27 09:34:28.679 DEBUG 740 --- [restartedMain] o.s.w.s.h.BeanNameUrlHandlerMapping      : Rejected bean name 'testTask': no URL paths identified
2018-07-27 09:34:28.679 DEBUG 740 --- [restartedMain] o.s.w.s.h.BeanNameUrlHandlerMapping      : Rejected bean name 'redisOperator': no URL paths identified
2018-07-27 09:34:28.679 DEBUG 740 --- [restartedMain] o.s.w.s.h.BeanNameUrlHandlerMapping      : Rejected bean name 'org.springframework.scheduling.annotation.SchedulingConfiguration': no URL paths identified
2018-07-27 09:34:28.680 DEBUG 740 --- [restartedMain] o.s.w.s.h.BeanNameUrlHandlerMapping      : Rejected bean name 'org.springframework.context.annotation.internalScheduledAnnotationProcessor': no URL paths identified
2018-07-27 09:34:28.680 DEBUG 740 --- [restartedMain] o.s.w.s.h.BeanNameUrlHandlerMapping      : Rejected bean name 'org.springframework.scheduling.annotation.ProxyAsyncConfiguration': no URL paths identified
2018-07-27 09:34:28.680 DEBUG 740 --- [restartedMain] o.s.w.s.h.BeanNameUrlHandlerMapping      : Rejected bean name 'org.springframework.context.annotation.internalAsyncAnnotationProcessor': no URL paths identified
2018-07-27 09:34:28.680 DEBUG 740 --- [restartedMain] o.s.w.s.h.BeanNameUrlHandlerMapping      : Rejected bean name 'org.springframework.boot.autoconfigure.AutoConfigurationPackages': no URL paths identified
2018-07-27 09:34:28.680 DEBUG 740 --- [restartedMain] o.s.w.s.h.BeanNameUrlHandlerMapping      : Rejected bean name 'customerinfoMapper': no URL paths identified
2018-07-27 09:34:28.680 DEBUG 740 --- [restartedMain] o.s.w.s.h.BeanNameUrlHandlerMapping      : Rejected bean name 'customerinfoMapperCustomer': no URL paths identified
2018-07-27 09:34:28.680 DEBUG 740 --- [restartedMain] o.s.w.s.h.BeanNameUrlHandlerMapping      : Rejected bean name 'org.springframework.boot.autoconfigure.context.PropertyPlaceholderAutoConfiguration': no URL paths identified
2018-07-27 09:34:28.680 DEBUG 740 --- [restartedMain] o.s.w.s.h.BeanNameUrlHandlerMapping      : Rejected bean name 'org.springframework.boot.autoconfigure.condition.BeanTypeRegistry': no URL paths identified
2018-07-27 09:34:28.680 DEBUG 740 --- [restartedMain] o.s.w.s.h.BeanNameUrlHandlerMapping      : Rejected bean name 'propertySourcesPlaceholderConfigurer': no URL paths identified
2018-07-27 09:34:28.680 DEBUG 740 --- [restartedMain] o.s.w.s.h.BeanNameUrlHandlerMapping      : Rejected bean name 'org.springframework.boot.autoconfigure.websocket.servlet.WebSocketServletAutoConfiguration$TomcatWebSocketConfiguration': no URL paths identified
2018-07-27 09:34:28.681 DEBUG 740 --- [restartedMain] o.s.w.s.h.BeanNameUrlHandlerMapping      : Rejected bean name 'websocketContainerCustomizer': no URL paths identified
2018-07-27 09:34:28.681 DEBUG 740 --- [restartedMain] o.s.w.s.h.BeanNameUrlHandlerMapping      : Rejected bean name 'org.springframework.boot.autoconfigure.websocket.servlet.WebSocketServletAutoConfiguration': no URL paths identified
2018-07-27 09:34:28.681 DEBUG 740 --- [restartedMain] o.s.w.s.h.BeanNameUrlHandlerMapping      : Rejected bean name 'org.springframework.boot.autoconfigure.web.servlet.ServletWebServerFactoryConfiguration$EmbeddedTomcat': no URL paths identified
2018-07-27 09:34:28.681 DEBUG 740 --- [restartedMain] o.s.w.s.h.BeanNameUrlHandlerMapping      : Rejected bean name 'tomcatServletWebServerFactory': no URL paths identified
2018-07-27 09:34:28.681 DEBUG 740 --- [restartedMain] o.s.w.s.h.BeanNameUrlHandlerMapping      : Rejected bean name 'org.springframework.boot.autoconfigure.web.servlet.ServletWebServerFactoryAutoConfiguration': no URL paths identified
2018-07-27 09:34:28.681 DEBUG 740 --- [restartedMain] o.s.w.s.h.BeanNameUrlHandlerMapping      : Rejected bean name 'servletWebServerFactoryCustomizer': no URL paths identified
2018-07-27 09:34:28.681 DEBUG 740 --- [restartedMain] o.s.w.s.h.BeanNameUrlHandlerMapping      : Rejected bean name 'tomcatServletWebServerFactoryCustomizer': no URL paths identified
2018-07-27 09:34:28.681 DEBUG 740 --- [restartedMain] o.s.w.s.h.BeanNameUrlHandlerMapping      : Rejected bean name 'server-org.springframework.boot.autoconfigure.web.ServerProperties': no URL paths identified
2018-07-27 09:34:28.681 DEBUG 740 --- [restartedMain] o.s.w.s.h.BeanNameUrlHandlerMapping      : Rejected bean name 'org.springframework.boot.context.properties.ConfigurationPropertiesBindingPostProcessor': no URL paths identified
2018-07-27 09:34:28.681 DEBUG 740 --- [restartedMain] o.s.w.s.h.BeanNameUrlHandlerMapping      : Rejected bean name 'org.springframework.boot.context.properties.ConfigurationBeanFactoryMetadata': no URL paths identified
2018-07-27 09:34:28.681 DEBUG 740 --- [restartedMain] o.s.w.s.h.BeanNameUrlHandlerMapping      : Rejected bean name 'webServerFactoryCustomizerBeanPostProcessor': no URL paths identified
2018-07-27 09:34:28.681 DEBUG 740 --- [restartedMain] o.s.w.s.h.BeanNameUrlHandlerMapping      : Rejected bean name 'errorPageRegistrarBeanPostProcessor': no URL paths identified
2018-07-27 09:34:28.681 DEBUG 740 --- [restartedMain] o.s.w.s.h.BeanNameUrlHandlerMapping      : Rejected bean name 'org.springframework.boot.autoconfigure.web.servlet.DispatcherServletAutoConfiguration$DispatcherServletConfiguration': no URL paths identified
2018-07-27 09:34:28.681 DEBUG 740 --- [restartedMain] o.s.w.s.h.BeanNameUrlHandlerMapping      : Rejected bean name 'dispatcherServlet': no URL paths identified
2018-07-27 09:34:28.682 DEBUG 740 --- [restartedMain] o.s.w.s.h.BeanNameUrlHandlerMapping      : Rejected bean name 'mainDispatcherServletPathProvider': no URL paths identified
2018-07-27 09:34:28.682 DEBUG 740 --- [restartedMain] o.s.w.s.h.BeanNameUrlHandlerMapping      : Rejected bean name 'spring.mvc-org.springframework.boot.autoconfigure.web.servlet.WebMvcProperties': no URL paths identified
2018-07-27 09:34:28.682 DEBUG 740 --- [restartedMain] o.s.w.s.h.BeanNameUrlHandlerMapping      : Rejected bean name 'org.springframework.boot.autoconfigure.web.servlet.DispatcherServletAutoConfiguration$DispatcherServletRegistrationConfiguration': no URL paths identified
2018-07-27 09:34:28.682 DEBUG 740 --- [restartedMain] o.s.w.s.h.BeanNameUrlHandlerMapping      : Rejected bean name 'dispatcherServletRegistration': no URL paths identified
2018-07-27 09:34:28.682 DEBUG 740 --- [restartedMain] o.s.w.s.h.BeanNameUrlHandlerMapping      : Rejected bean name 'org.springframework.boot.autoconfigure.web.servlet.DispatcherServletAutoConfiguration': no URL paths identified
2018-07-27 09:34:28.682 DEBUG 740 --- [restartedMain] o.s.w.s.h.BeanNameUrlHandlerMapping      : Rejected bean name 'org.springframework.boot.autoconfigure.validation.ValidationAutoConfiguration': no URL paths identified
2018-07-27 09:34:28.682 DEBUG 740 --- [restartedMain] o.s.w.s.h.BeanNameUrlHandlerMapping      : Rejected bean name 'defaultValidator': no URL paths identified
2018-07-27 09:34:28.682 DEBUG 740 --- [restartedMain] o.s.w.s.h.BeanNameUrlHandlerMapping      : Rejected bean name 'methodValidationPostProcessor': no URL paths identified
2018-07-27 09:34:28.682 DEBUG 740 --- [restartedMain] o.s.w.s.h.BeanNameUrlHandlerMapping      : Rejected bean name 'org.springframework.boot.autoconfigure.web.servlet.error.ErrorMvcAutoConfiguration$DefaultErrorViewResolverConfiguration': no URL paths identified
2018-07-27 09:34:28.682 DEBUG 740 --- [restartedMain] o.s.w.s.h.BeanNameUrlHandlerMapping      : Rejected bean name 'conventionErrorViewResolver': no URL paths identified
2018-07-27 09:34:28.682 DEBUG 740 --- [restartedMain] o.s.w.s.h.BeanNameUrlHandlerMapping      : Rejected bean name 'org.springframework.boot.autoconfigure.web.servlet.error.ErrorMvcAutoConfiguration': no URL paths identified
2018-07-27 09:34:28.682 DEBUG 740 --- [restartedMain] o.s.w.s.h.BeanNameUrlHandlerMapping      : Rejected bean name 'errorAttributes': no URL paths identified
2018-07-27 09:34:28.682 DEBUG 740 --- [restartedMain] o.s.w.s.h.BeanNameUrlHandlerMapping      : Rejected bean name 'basicErrorController': no URL paths identified
2018-07-27 09:34:28.682 DEBUG 740 --- [restartedMain] o.s.w.s.h.BeanNameUrlHandlerMapping      : Rejected bean name 'errorPageCustomizer': no URL paths identified
2018-07-27 09:34:28.682 DEBUG 740 --- [restartedMain] o.s.w.s.h.BeanNameUrlHandlerMapping      : Rejected bean name 'preserveErrorControllerTargetClassPostProcessor': no URL paths identified
2018-07-27 09:34:28.683 DEBUG 740 --- [restartedMain] o.s.w.s.h.BeanNameUrlHandlerMapping      : Rejected bean name 'spring.resources-org.springframework.boot.autoconfigure.web.ResourceProperties': no URL paths identified
2018-07-27 09:34:28.683 DEBUG 740 --- [restartedMain] o.s.w.s.h.BeanNameUrlHandlerMapping      : Rejected bean name 'org.springframework.boot.autoconfigure.web.servlet.WebMvcAutoConfiguration$WebMvcAutoConfigurationAdapter$FaviconConfiguration': no URL paths identified
2018-07-27 09:34:28.683 DEBUG 740 --- [restartedMain] o.s.w.s.h.BeanNameUrlHandlerMapping      : Rejected bean name 'faviconHandlerMapping': no URL paths identified
2018-07-27 09:34:28.683 DEBUG 740 --- [restartedMain] o.s.w.s.h.BeanNameUrlHandlerMapping      : Rejected bean name 'faviconRequestHandler': no URL paths identified
2018-07-27 09:34:28.683 DEBUG 740 --- [restartedMain] o.s.w.s.h.BeanNameUrlHandlerMapping      : Rejected bean name 'org.springframework.boot.autoconfigure.web.servlet.WebMvcAutoConfiguration$EnableWebMvcConfiguration': no URL paths identified
2018-07-27 09:34:28.683 DEBUG 740 --- [restartedMain] o.s.w.s.h.BeanNameUrlHandlerMapping      : Rejected bean name 'requestMappingHandlerAdapter': no URL paths identified
2018-07-27 09:34:28.683 DEBUG 740 --- [restartedMain] o.s.w.s.h.BeanNameUrlHandlerMapping      : Rejected bean name 'requestMappingHandlerMapping': no URL paths identified
2018-07-27 09:34:28.683 DEBUG 740 --- [restartedMain] o.s.w.s.h.BeanNameUrlHandlerMapping      : Rejected bean name 'mvcConversionService': no URL paths identified
2018-07-27 09:34:28.683 DEBUG 740 --- [restartedMain] o.s.w.s.h.BeanNameUrlHandlerMapping      : Rejected bean name 'mvcValidator': no URL paths identified
2018-07-27 09:34:28.683 DEBUG 740 --- [restartedMain] o.s.w.s.h.BeanNameUrlHandlerMapping      : Rejected bean name 'mvcContentNegotiationManager': no URL paths identified
2018-07-27 09:34:28.683 DEBUG 740 --- [restartedMain] o.s.w.s.h.BeanNameUrlHandlerMapping      : Rejected bean name 'mvcPathMatcher': no URL paths identified
2018-07-27 09:34:28.683 DEBUG 740 --- [restartedMain] o.s.w.s.h.BeanNameUrlHandlerMapping      : Rejected bean name 'mvcUrlPathHelper': no URL paths identified
2018-07-27 09:34:28.684 DEBUG 740 --- [restartedMain] o.s.w.s.h.BeanNameUrlHandlerMapping      : Rejected bean name 'viewControllerHandlerMapping': no URL paths identified
2018-07-27 09:34:28.684 DEBUG 740 --- [restartedMain] o.s.w.s.h.BeanNameUrlHandlerMapping      : Rejected bean name 'beanNameHandlerMapping': no URL paths identified
2018-07-27 09:34:28.684 DEBUG 740 --- [restartedMain] o.s.w.s.h.BeanNameUrlHandlerMapping      : Rejected bean name 'resourceHandlerMapping': no URL paths identified
2018-07-27 09:34:28.684 DEBUG 740 --- [restartedMain] o.s.w.s.h.BeanNameUrlHandlerMapping      : Rejected bean name 'mvcResourceUrlProvider': no URL paths identified
2018-07-27 09:34:28.684 DEBUG 740 --- [restartedMain] o.s.w.s.h.BeanNameUrlHandlerMapping      : Rejected bean name 'defaultServletHandlerMapping': no URL paths identified
2018-07-27 09:34:28.684 DEBUG 740 --- [restartedMain] o.s.w.s.h.BeanNameUrlHandlerMapping      : Rejected bean name 'mvcUriComponentsContributor': no URL paths identified
2018-07-27 09:34:28.684 DEBUG 740 --- [restartedMain] o.s.w.s.h.BeanNameUrlHandlerMapping      : Rejected bean name 'httpRequestHandlerAdapter': no URL paths identified
2018-07-27 09:34:28.684 DEBUG 740 --- [restartedMain] o.s.w.s.h.BeanNameUrlHandlerMapping      : Rejected bean name 'simpleControllerHandlerAdapter': no URL paths identified
2018-07-27 09:34:28.684 DEBUG 740 --- [restartedMain] o.s.w.s.h.BeanNameUrlHandlerMapping      : Rejected bean name 'handlerExceptionResolver': no URL paths identified
2018-07-27 09:34:28.685 DEBUG 740 --- [restartedMain] o.s.w.s.h.BeanNameUrlHandlerMapping      : Rejected bean name 'mvcViewResolver': no URL paths identified
2018-07-27 09:34:28.685 DEBUG 740 --- [restartedMain] o.s.w.s.h.BeanNameUrlHandlerMapping      : Rejected bean name 'mvcHandlerMappingIntrospector': no URL paths identified
2018-07-27 09:34:28.685 DEBUG 740 --- [restartedMain] o.s.w.s.h.BeanNameUrlHandlerMapping      : Rejected bean name 'org.springframework.boot.autoconfigure.web.servlet.WebMvcAutoConfiguration$WebMvcAutoConfigurationAdapter': no URL paths identified
2018-07-27 09:34:28.685 DEBUG 740 --- [restartedMain] o.s.w.s.h.BeanNameUrlHandlerMapping      : Rejected bean name 'defaultViewResolver': no URL paths identified
2018-07-27 09:34:28.685 DEBUG 740 --- [restartedMain] o.s.w.s.h.BeanNameUrlHandlerMapping      : Rejected bean name 'viewResolver': no URL paths identified
2018-07-27 09:34:28.685 DEBUG 740 --- [restartedMain] o.s.w.s.h.BeanNameUrlHandlerMapping      : Rejected bean name 'welcomePageHandlerMapping': no URL paths identified
2018-07-27 09:34:28.685 DEBUG 740 --- [restartedMain] o.s.w.s.h.BeanNameUrlHandlerMapping      : Rejected bean name 'requestContextFilter': no URL paths identified
2018-07-27 09:34:28.685 DEBUG 740 --- [restartedMain] o.s.w.s.h.BeanNameUrlHandlerMapping      : Rejected bean name 'org.springframework.boot.autoconfigure.web.servlet.WebMvcAutoConfiguration': no URL paths identified
2018-07-27 09:34:28.685 DEBUG 740 --- [restartedMain] o.s.w.s.h.BeanNameUrlHandlerMapping      : Rejected bean name 'hiddenHttpMethodFilter': no URL paths identified
2018-07-27 09:34:28.685 DEBUG 740 --- [restartedMain] o.s.w.s.h.BeanNameUrlHandlerMapping      : Rejected bean name 'httpPutFormContentFilter': no URL paths identified
2018-07-27 09:34:28.685 DEBUG 740 --- [restartedMain] o.s.w.s.h.BeanNameUrlHandlerMapping      : Rejected bean name 'com.alibaba.druid.spring.boot.autoconfigure.stat.DruidStatViewServletConfiguration': no URL paths identified
2018-07-27 09:34:28.685 DEBUG 740 --- [restartedMain] o.s.w.s.h.BeanNameUrlHandlerMapping      : Rejected bean name 'statViewServletRegistrationBean': no URL paths identified
2018-07-27 09:34:28.685 DEBUG 740 --- [restartedMain] o.s.w.s.h.BeanNameUrlHandlerMapping      : Rejected bean name 'com.alibaba.druid.spring.boot.autoconfigure.stat.DruidWebStatFilterConfiguration': no URL paths identified
2018-07-27 09:34:28.685 DEBUG 740 --- [restartedMain] o.s.w.s.h.BeanNameUrlHandlerMapping      : Rejected bean name 'webStatFilterRegistrationBean': no URL paths identified
2018-07-27 09:34:28.685 DEBUG 740 --- [restartedMain] o.s.w.s.h.BeanNameUrlHandlerMapping      : Rejected bean name 'com.alibaba.druid.spring.boot.autoconfigure.stat.DruidFilterConfiguration': no URL paths identified
2018-07-27 09:34:28.686 DEBUG 740 --- [restartedMain] o.s.w.s.h.BeanNameUrlHandlerMapping      : Rejected bean name 'statFilter': no URL paths identified
2018-07-27 09:34:28.686 DEBUG 740 --- [restartedMain] o.s.w.s.h.BeanNameUrlHandlerMapping      : Rejected bean name 'com.alibaba.druid.spring.boot.autoconfigure.DruidDataSourceAutoConfigure': no URL paths identified
2018-07-27 09:34:28.686 DEBUG 740 --- [restartedMain] o.s.w.s.h.BeanNameUrlHandlerMapping      : Rejected bean name 'dataSource': no URL paths identified
2018-07-27 09:34:28.686 DEBUG 740 --- [restartedMain] o.s.w.s.h.BeanNameUrlHandlerMapping      : Rejected bean name 'spring.datasource.druid-com.alibaba.druid.spring.boot.autoconfigure.properties.DruidStatProperties': no URL paths identified
2018-07-27 09:34:28.686 DEBUG 740 --- [restartedMain] o.s.w.s.h.BeanNameUrlHandlerMapping      : Rejected bean name 'spring.datasource-org.springframework.boot.autoconfigure.jdbc.DataSourceProperties': no URL paths identified
2018-07-27 09:34:28.686 DEBUG 740 --- [restartedMain] o.s.w.s.h.BeanNameUrlHandlerMapping      : Rejected bean name 'org.springframework.boot.autoconfigure.jdbc.metadata.DataSourcePoolMetadataProvidersConfiguration$HikariPoolDataSourceMetadataProviderConfiguration': no URL paths identified
2018-07-27 09:34:28.686 DEBUG 740 --- [restartedMain] o.s.w.s.h.BeanNameUrlHandlerMapping      : Rejected bean name 'hikariPoolDataSourceMetadataProvider': no URL paths identified
2018-07-27 09:34:28.686 DEBUG 740 --- [restartedMain] o.s.w.s.h.BeanNameUrlHandlerMapping      : Rejected bean name 'org.springframework.boot.autoconfigure.jdbc.metadata.DataSourcePoolMetadataProvidersConfiguration': no URL paths identified
2018-07-27 09:34:28.686 DEBUG 740 --- [restartedMain] o.s.w.s.h.BeanNameUrlHandlerMapping      : Rejected bean name 'org.springframework.boot.autoconfigure.jdbc.DataSourceInitializerInvoker': no URL paths identified
2018-07-27 09:34:28.686 DEBUG 740 --- [restartedMain] o.s.w.s.h.BeanNameUrlHandlerMapping      : Rejected bean name 'org.springframework.boot.autoconfigure.jdbc.DataSourceInitializationConfiguration': no URL paths identified
2018-07-27 09:34:28.687 DEBUG 740 --- [restartedMain] o.s.w.s.h.BeanNameUrlHandlerMapping      : Rejected bean name 'dataSourceInitializerPostProcessor': no URL paths identified
2018-07-27 09:34:28.687 DEBUG 740 --- [restartedMain] o.s.w.s.h.BeanNameUrlHandlerMapping      : Rejected bean name 'org.springframework.boot.autoconfigure.jdbc.DataSourceAutoConfiguration': no URL paths identified
2018-07-27 09:34:28.687 DEBUG 740 --- [restartedMain] o.s.w.s.h.BeanNameUrlHandlerMapping      : Rejected bean name 'tk.mybatis.mapper.autoconfigure.MapperAutoConfiguration': no URL paths identified
2018-07-27 09:34:28.687 DEBUG 740 --- [restartedMain] o.s.w.s.h.BeanNameUrlHandlerMapping      : Rejected bean name 'sqlSessionFactory': no URL paths identified
2018-07-27 09:34:28.687 DEBUG 740 --- [restartedMain] o.s.w.s.h.BeanNameUrlHandlerMapping      : Rejected bean name 'sqlSessionTemplate': no URL paths identified
2018-07-27 09:34:28.687 DEBUG 740 --- [restartedMain] o.s.w.s.h.BeanNameUrlHandlerMapping      : Rejected bean name 'mybatis-tk.mybatis.mapper.autoconfigure.MybatisProperties': no URL paths identified
2018-07-27 09:34:28.687 DEBUG 740 --- [restartedMain] o.s.w.s.h.BeanNameUrlHandlerMapping      : Rejected bean name 'org.mybatis.spring.boot.autoconfigure.MybatisAutoConfiguration': no URL paths identified
2018-07-27 09:34:28.687 DEBUG 740 --- [restartedMain] o.s.w.s.h.BeanNameUrlHandlerMapping      : Rejected bean name 'mybatis-org.mybatis.spring.boot.autoconfigure.MybatisProperties': no URL paths identified
2018-07-27 09:34:28.687 DEBUG 740 --- [restartedMain] o.s.w.s.h.BeanNameUrlHandlerMapping      : Rejected bean name 'com.github.pagehelper.autoconfigure.PageHelperAutoConfiguration': no URL paths identified
2018-07-27 09:34:28.688 DEBUG 740 --- [restartedMain] o.s.w.s.h.BeanNameUrlHandlerMapping      : Rejected bean name 'pageHelperProperties': no URL paths identified
2018-07-27 09:34:28.688 DEBUG 740 --- [restartedMain] o.s.w.s.h.BeanNameUrlHandlerMapping      : Rejected bean name 'pagehelper-com.github.pagehelper.autoconfigure.PageHelperProperties': no URL paths identified
2018-07-27 09:34:28.688 DEBUG 740 --- [restartedMain] o.s.w.s.h.BeanNameUrlHandlerMapping      : Rejected bean name 'org.springframework.boot.autoconfigure.jmx.JmxAutoConfiguration': no URL paths identified
2018-07-27 09:34:28.688 DEBUG 740 --- [restartedMain] o.s.w.s.h.BeanNameUrlHandlerMapping      : Rejected bean name 'mbeanExporter': no URL paths identified
2018-07-27 09:34:28.688 DEBUG 740 --- [restartedMain] o.s.w.s.h.BeanNameUrlHandlerMapping      : Rejected bean name 'objectNamingStrategy': no URL paths identified
2018-07-27 09:34:28.688 DEBUG 740 --- [restartedMain] o.s.w.s.h.BeanNameUrlHandlerMapping      : Rejected bean name 'mbeanServer': no URL paths identified
2018-07-27 09:34:28.688 DEBUG 740 --- [restartedMain] o.s.w.s.h.BeanNameUrlHandlerMapping      : Rejected bean name 'org.springframework.boot.autoconfigure.admin.SpringApplicationAdminJmxAutoConfiguration': no URL paths identified
2018-07-27 09:34:28.688 DEBUG 740 --- [restartedMain] o.s.w.s.h.BeanNameUrlHandlerMapping      : Rejected bean name 'springApplicationAdminRegistrar': no URL paths identified
2018-07-27 09:34:28.688 DEBUG 740 --- [restartedMain] o.s.w.s.h.BeanNameUrlHandlerMapping      : Rejected bean name 'org.springframework.boot.autoconfigure.data.redis.LettuceConnectionConfiguration': no URL paths identified
2018-07-27 09:34:28.688 DEBUG 740 --- [restartedMain] o.s.w.s.h.BeanNameUrlHandlerMapping      : Rejected bean name 'lettuceClientResources': no URL paths identified
2018-07-27 09:34:28.688 DEBUG 740 --- [restartedMain] o.s.w.s.h.BeanNameUrlHandlerMapping      : Rejected bean name 'redisConnectionFactory': no URL paths identified
2018-07-27 09:34:28.689 DEBUG 740 --- [restartedMain] o.s.w.s.h.BeanNameUrlHandlerMapping      : Rejected bean name 'org.springframework.boot.autoconfigure.data.redis.RedisAutoConfiguration': no URL paths identified
2018-07-27 09:34:28.689 DEBUG 740 --- [restartedMain] o.s.w.s.h.BeanNameUrlHandlerMapping      : Rejected bean name 'redisTemplate': no URL paths identified
2018-07-27 09:34:28.689 DEBUG 740 --- [restartedMain] o.s.w.s.h.BeanNameUrlHandlerMapping      : Rejected bean name 'stringRedisTemplate': no URL paths identified
2018-07-27 09:34:28.689 DEBUG 740 --- [restartedMain] o.s.w.s.h.BeanNameUrlHandlerMapping      : Rejected bean name 'spring.redis-org.springframework.boot.autoconfigure.data.redis.RedisProperties': no URL paths identified
2018-07-27 09:34:28.689 DEBUG 740 --- [restartedMain] o.s.w.s.h.BeanNameUrlHandlerMapping      : Rejected bean name 'org.springframework.boot.autoconfigure.context.ConfigurationPropertiesAutoConfiguration': no URL paths identified
2018-07-27 09:34:28.689 DEBUG 740 --- [restartedMain] o.s.w.s.h.BeanNameUrlHandlerMapping      : Rejected bean name 'org.springframework.boot.autoconfigure.dao.PersistenceExceptionTranslationAutoConfiguration': no URL paths identified
2018-07-27 09:34:28.689 DEBUG 740 --- [restartedMain] o.s.w.s.h.BeanNameUrlHandlerMapping      : Rejected bean name 'persistenceExceptionTranslationPostProcessor': no URL paths identified
2018-07-27 09:34:28.689 DEBUG 740 --- [restartedMain] o.s.w.s.h.BeanNameUrlHandlerMapping      : Rejected bean name 'org.springframework.boot.autoconfigure.data.redis.RedisReactiveAutoConfiguration': no URL paths identified
2018-07-27 09:34:28.689 DEBUG 740 --- [restartedMain] o.s.w.s.h.BeanNameUrlHandlerMapping      : Rejected bean name 'reactiveRedisTemplate': no URL paths identified
2018-07-27 09:34:28.689 DEBUG 740 --- [restartedMain] o.s.w.s.h.BeanNameUrlHandlerMapping      : Rejected bean name 'org.springframework.boot.autoconfigure.data.redis.RedisRepositoriesAutoConfiguration': no URL paths identified
2018-07-27 09:34:28.689 DEBUG 740 --- [restartedMain] o.s.w.s.h.BeanNameUrlHandlerMapping      : Rejected bean name 'keyValueMappingContext': no URL paths identified
2018-07-27 09:34:28.690 DEBUG 740 --- [restartedMain] o.s.w.s.h.BeanNameUrlHandlerMapping      : Rejected bean name 'redisCustomConversions': no URL paths identified
2018-07-27 09:34:28.690 DEBUG 740 --- [restartedMain] o.s.w.s.h.BeanNameUrlHandlerMapping      : Rejected bean name 'redisReferenceResolver': no URL paths identified
2018-07-27 09:34:28.690 DEBUG 740 --- [restartedMain] o.s.w.s.h.BeanNameUrlHandlerMapping      : Rejected bean name 'redisConverter': no URL paths identified
2018-07-27 09:34:28.690 DEBUG 740 --- [restartedMain] o.s.w.s.h.BeanNameUrlHandlerMapping      : Rejected bean name 'redisKeyValueAdapter': no URL paths identified
2018-07-27 09:34:28.690 DEBUG 740 --- [restartedMain] o.s.w.s.h.BeanNameUrlHandlerMapping      : Rejected bean name 'redisKeyValueTemplate': no URL paths identified
2018-07-27 09:34:28.690 DEBUG 740 --- [restartedMain] o.s.w.s.h.BeanNameUrlHandlerMapping      : Rejected bean name 'org.springframework.boot.autoconfigure.jackson.JacksonAutoConfiguration$Jackson2ObjectMapperBuilderCustomizerConfiguration': no URL paths identified
2018-07-27 09:34:28.690 DEBUG 740 --- [restartedMain] o.s.w.s.h.BeanNameUrlHandlerMapping      : Rejected bean name 'standardJacksonObjectMapperBuilderCustomizer': no URL paths identified
2018-07-27 09:34:28.690 DEBUG 740 --- [restartedMain] o.s.w.s.h.BeanNameUrlHandlerMapping      : Rejected bean name 'spring.jackson-org.springframework.boot.autoconfigure.jackson.JacksonProperties': no URL paths identified
2018-07-27 09:34:28.690 DEBUG 740 --- [restartedMain] o.s.w.s.h.BeanNameUrlHandlerMapping      : Rejected bean name 'org.springframework.boot.autoconfigure.jackson.JacksonAutoConfiguration$JacksonObjectMapperBuilderConfiguration': no URL paths identified
2018-07-27 09:34:28.690 DEBUG 740 --- [restartedMain] o.s.w.s.h.BeanNameUrlHandlerMapping      : Rejected bean name 'jacksonObjectMapperBuilder': no URL paths identified
2018-07-27 09:34:28.691 DEBUG 740 --- [restartedMain] o.s.w.s.h.BeanNameUrlHandlerMapping      : Rejected bean name 'org.springframework.boot.autoconfigure.jackson.JacksonAutoConfiguration$ParameterNamesModuleConfiguration': no URL paths identified
2018-07-27 09:34:28.691 DEBUG 740 --- [restartedMain] o.s.w.s.h.BeanNameUrlHandlerMapping      : Rejected bean name 'parameterNamesModule': no URL paths identified
2018-07-27 09:34:28.691 DEBUG 740 --- [restartedMain] o.s.w.s.h.BeanNameUrlHandlerMapping      : Rejected bean name 'org.springframework.boot.autoconfigure.jackson.JacksonAutoConfiguration$JacksonObjectMapperConfiguration': no URL paths identified
2018-07-27 09:34:28.691 DEBUG 740 --- [restartedMain] o.s.w.s.h.BeanNameUrlHandlerMapping      : Rejected bean name 'jacksonObjectMapper': no URL paths identified
2018-07-27 09:34:28.691 DEBUG 740 --- [restartedMain] o.s.w.s.h.BeanNameUrlHandlerMapping      : Rejected bean name 'org.springframework.boot.autoconfigure.jackson.JacksonAutoConfiguration': no URL paths identified
2018-07-27 09:34:28.691 DEBUG 740 --- [restartedMain] o.s.w.s.h.BeanNameUrlHandlerMapping      : Rejected bean name 'jsonComponentModule': no URL paths identified
2018-07-27 09:34:28.691 DEBUG 740 --- [restartedMain] o.s.w.s.h.BeanNameUrlHandlerMapping      : Rejected bean name 'org.springframework.boot.autoconfigure.http.HttpMessageConvertersAutoConfiguration$StringHttpMessageConverterConfiguration': no URL paths identified
2018-07-27 09:34:28.691 DEBUG 740 --- [restartedMain] o.s.w.s.h.BeanNameUrlHandlerMapping      : Rejected bean name 'stringHttpMessageConverter': no URL paths identified
2018-07-27 09:34:28.691 DEBUG 740 --- [restartedMain] o.s.w.s.h.BeanNameUrlHandlerMapping      : Rejected bean name 'spring.http.encoding-org.springframework.boot.autoconfigure.http.HttpEncodingProperties': no URL paths identified
2018-07-27 09:34:28.691 DEBUG 740 --- [restartedMain] o.s.w.s.h.BeanNameUrlHandlerMapping      : Rejected bean name 'org.springframework.boot.autoconfigure.http.JacksonHttpMessageConvertersConfiguration$MappingJackson2HttpMessageConverterConfiguration': no URL paths identified
2018-07-27 09:34:28.691 DEBUG 740 --- [restartedMain] o.s.w.s.h.BeanNameUrlHandlerMapping      : Rejected bean name 'mappingJackson2HttpMessageConverter': no URL paths identified
2018-07-27 09:34:28.692 DEBUG 740 --- [restartedMain] o.s.w.s.h.BeanNameUrlHandlerMapping      : Rejected bean name 'org.springframework.boot.autoconfigure.http.JacksonHttpMessageConvertersConfiguration': no URL paths identified
2018-07-27 09:34:28.692 DEBUG 740 --- [restartedMain] o.s.w.s.h.BeanNameUrlHandlerMapping      : Rejected bean name 'org.springframework.boot.autoconfigure.http.HttpMessageConvertersAutoConfiguration': no URL paths identified
2018-07-27 09:34:28.692 DEBUG 740 --- [restartedMain] o.s.w.s.h.BeanNameUrlHandlerMapping      : Rejected bean name 'messageConverters': no URL paths identified
2018-07-27 09:34:28.692 DEBUG 740 --- [restartedMain] o.s.w.s.h.BeanNameUrlHandlerMapping      : Rejected bean name 'org.springframework.data.web.config.ProjectingArgumentResolverRegistrar': no URL paths identified
2018-07-27 09:34:28.692 DEBUG 740 --- [restartedMain] o.s.w.s.h.BeanNameUrlHandlerMapping      : Rejected bean name 'projectingArgumentResolverBeanPostProcessor': no URL paths identified
2018-07-27 09:34:28.692 DEBUG 740 --- [restartedMain] o.s.w.s.h.BeanNameUrlHandlerMapping      : Rejected bean name 'org.springframework.data.web.config.SpringDataWebConfiguration': no URL paths identified
2018-07-27 09:34:28.692 DEBUG 740 --- [restartedMain] o.s.w.s.h.BeanNameUrlHandlerMapping      : Rejected bean name 'pageableResolver': no URL paths identified
2018-07-27 09:34:28.692 DEBUG 740 --- [restartedMain] o.s.w.s.h.BeanNameUrlHandlerMapping      : Rejected bean name 'sortResolver': no URL paths identified
2018-07-27 09:34:28.692 DEBUG 740 --- [restartedMain] o.s.w.s.h.BeanNameUrlHandlerMapping      : Rejected bean name 'org.springframework.data.web.config.SpringDataJacksonConfiguration': no URL paths identified
2018-07-27 09:34:28.692 DEBUG 740 --- [restartedMain] o.s.w.s.h.BeanNameUrlHandlerMapping      : Rejected bean name 'jacksonGeoModule': no URL paths identified
2018-07-27 09:34:28.693 DEBUG 740 --- [restartedMain] o.s.w.s.h.BeanNameUrlHandlerMapping      : Rejected bean name 'org.springframework.boot.autoconfigure.data.web.SpringDataWebAutoConfiguration': no URL paths identified
2018-07-27 09:34:28.693 DEBUG 740 --- [restartedMain] o.s.w.s.h.BeanNameUrlHandlerMapping      : Rejected bean name 'pageableCustomizer': no URL paths identified
2018-07-27 09:34:28.693 DEBUG 740 --- [restartedMain] o.s.w.s.h.BeanNameUrlHandlerMapping      : Rejected bean name 'sortCustomizer': no URL paths identified
2018-07-27 09:34:28.693 DEBUG 740 --- [restartedMain] o.s.w.s.h.BeanNameUrlHandlerMapping      : Rejected bean name 'spring.data.web-org.springframework.boot.autoconfigure.data.web.SpringDataWebProperties': no URL paths identified
2018-07-27 09:34:28.693 DEBUG 740 --- [restartedMain] o.s.w.s.h.BeanNameUrlHandlerMapping      : Rejected bean name 'org.springframework.boot.autoconfigure.freemarker.FreeMarkerServletWebConfiguration': no URL paths identified
2018-07-27 09:34:28.693 DEBUG 740 --- [restartedMain] o.s.w.s.h.BeanNameUrlHandlerMapping      : Rejected bean name 'freeMarkerConfigurer': no URL paths identified
2018-07-27 09:34:28.693 DEBUG 740 --- [restartedMain] o.s.w.s.h.BeanNameUrlHandlerMapping      : Rejected bean name 'freeMarkerConfiguration': no URL paths identified
2018-07-27 09:34:28.693 DEBUG 740 --- [restartedMain] o.s.w.s.h.BeanNameUrlHandlerMapping      : Rejected bean name 'freeMarkerViewResolver': no URL paths identified
2018-07-27 09:34:28.693 DEBUG 740 --- [restartedMain] o.s.w.s.h.BeanNameUrlHandlerMapping      : Rejected bean name 'org.springframework.boot.autoconfigure.freemarker.FreeMarkerAutoConfiguration': no URL paths identified
2018-07-27 09:34:28.693 DEBUG 740 --- [restartedMain] o.s.w.s.h.BeanNameUrlHandlerMapping      : Rejected bean name 'spring.freemarker-org.springframework.boot.autoconfigure.freemarker.FreeMarkerProperties': no URL paths identified
2018-07-27 09:34:28.693 DEBUG 740 --- [restartedMain] o.s.w.s.h.BeanNameUrlHandlerMapping      : Rejected bean name 'org.springframework.boot.autoconfigure.http.codec.CodecsAutoConfiguration$JacksonCodecConfiguration': no URL paths identified
2018-07-27 09:34:28.694 DEBUG 740 --- [restartedMain] o.s.w.s.h.BeanNameUrlHandlerMapping      : Rejected bean name 'jacksonCodecCustomizer': no URL paths identified
2018-07-27 09:34:28.694 DEBUG 740 --- [restartedMain] o.s.w.s.h.BeanNameUrlHandlerMapping      : Rejected bean name 'org.springframework.boot.autoconfigure.http.codec.CodecsAutoConfiguration': no URL paths identified
2018-07-27 09:34:28.694 DEBUG 740 --- [restartedMain] o.s.w.s.h.BeanNameUrlHandlerMapping      : Rejected bean name 'org.springframework.boot.autoconfigure.info.ProjectInfoAutoConfiguration': no URL paths identified
2018-07-27 09:34:28.694 DEBUG 740 --- [restartedMain] o.s.w.s.h.BeanNameUrlHandlerMapping      : Rejected bean name 'spring.info-org.springframework.boot.autoconfigure.info.ProjectInfoProperties': no URL paths identified
2018-07-27 09:34:28.694 DEBUG 740 --- [restartedMain] o.s.w.s.h.BeanNameUrlHandlerMapping      : Rejected bean name 'org.springframework.boot.autoconfigure.jdbc.JdbcTemplateAutoConfiguration$JdbcTemplateConfiguration': no URL paths identified
2018-07-27 09:34:28.694 DEBUG 740 --- [restartedMain] o.s.w.s.h.BeanNameUrlHandlerMapping      : Rejected bean name 'jdbcTemplate': no URL paths identified
2018-07-27 09:34:28.694 DEBUG 740 --- [restartedMain] o.s.w.s.h.BeanNameUrlHandlerMapping      : Rejected bean name 'org.springframework.boot.autoconfigure.jdbc.JdbcTemplateAutoConfiguration$NamedParameterJdbcTemplateConfiguration': no URL paths identified
2018-07-27 09:34:28.694 DEBUG 740 --- [restartedMain] o.s.w.s.h.BeanNameUrlHandlerMapping      : Rejected bean name 'namedParameterJdbcTemplate': no URL paths identified
2018-07-27 09:34:28.694 DEBUG 740 --- [restartedMain] o.s.w.s.h.BeanNameUrlHandlerMapping      : Rejected bean name 'org.springframework.boot.autoconfigure.jdbc.JdbcTemplateAutoConfiguration': no URL paths identified
2018-07-27 09:34:28.694 DEBUG 740 --- [restartedMain] o.s.w.s.h.BeanNameUrlHandlerMapping      : Rejected bean name 'spring.jdbc-org.springframework.boot.autoconfigure.jdbc.JdbcProperties': no URL paths identified
2018-07-27 09:34:28.695 DEBUG 740 --- [restartedMain] o.s.w.s.h.BeanNameUrlHandlerMapping      : Rejected bean name 'org.springframework.boot.autoconfigure.reactor.core.ReactorCoreAutoConfiguration': no URL paths identified
2018-07-27 09:34:28.695 DEBUG 740 --- [restartedMain] o.s.w.s.h.BeanNameUrlHandlerMapping      : Rejected bean name 'spring.reactor-org.springframework.boot.autoconfigure.reactor.core.ReactorCoreProperties': no URL paths identified
2018-07-27 09:34:28.695 DEBUG 740 --- [restartedMain] o.s.w.s.h.BeanNameUrlHandlerMapping      : Rejected bean name 'org.springframework.boot.autoconfigure.security.reactive.ReactiveSecurityAutoConfiguration': no URL paths identified
2018-07-27 09:34:28.695 DEBUG 740 --- [restartedMain] o.s.w.s.h.BeanNameUrlHandlerMapping      : Rejected bean name 'spring.security-org.springframework.boot.autoconfigure.security.SecurityProperties': no URL paths identified
2018-07-27 09:34:28.695 DEBUG 740 --- [restartedMain] o.s.w.s.h.BeanNameUrlHandlerMapping      : Rejected bean name 'org.springframework.boot.autoconfigure.thymeleaf.ThymeleafAutoConfiguration$ThymeleafJava8TimeDialect': no URL paths identified
2018-07-27 09:34:28.695 DEBUG 740 --- [restartedMain] o.s.w.s.h.BeanNameUrlHandlerMapping      : Rejected bean name 'java8TimeDialect': no URL paths identified
2018-07-27 09:34:28.695 DEBUG 740 --- [restartedMain] o.s.w.s.h.BeanNameUrlHandlerMapping      : Rejected bean name 'org.springframework.boot.autoconfigure.thymeleaf.ThymeleafAutoConfiguration$ThymeleafWebMvcConfiguration$ThymeleafViewResolverConfiguration': no URL paths identified
2018-07-27 09:34:28.695 DEBUG 740 --- [restartedMain] o.s.w.s.h.BeanNameUrlHandlerMapping      : Rejected bean name 'thymeleafViewResolver': no URL paths identified
2018-07-27 09:34:28.695 DEBUG 740 --- [restartedMain] o.s.w.s.h.BeanNameUrlHandlerMapping      : Rejected bean name 'org.springframework.boot.autoconfigure.thymeleaf.ThymeleafAutoConfiguration$ThymeleafWebMvcConfiguration': no URL paths identified
2018-07-27 09:34:28.695 DEBUG 740 --- [restartedMain] o.s.w.s.h.BeanNameUrlHandlerMapping      : Rejected bean name 'org.springframework.boot.autoconfigure.thymeleaf.ThymeleafAutoConfiguration$ThymeleafDefaultConfiguration': no URL paths identified
2018-07-27 09:34:28.695 DEBUG 740 --- [restartedMain] o.s.w.s.h.BeanNameUrlHandlerMapping      : Rejected bean name 'templateEngine': no URL paths identified
2018-07-27 09:34:28.696 DEBUG 740 --- [restartedMain] o.s.w.s.h.BeanNameUrlHandlerMapping      : Rejected bean name 'org.springframework.boot.autoconfigure.thymeleaf.ThymeleafAutoConfiguration$DefaultTemplateResolverConfiguration': no URL paths identified
2018-07-27 09:34:28.696 DEBUG 740 --- [restartedMain] o.s.w.s.h.BeanNameUrlHandlerMapping      : Rejected bean name 'defaultTemplateResolver': no URL paths identified
2018-07-27 09:34:28.696 DEBUG 740 --- [restartedMain] o.s.w.s.h.BeanNameUrlHandlerMapping      : Rejected bean name 'org.springframework.boot.autoconfigure.thymeleaf.ThymeleafAutoConfiguration': no URL paths identified
2018-07-27 09:34:28.696 DEBUG 740 --- [restartedMain] o.s.w.s.h.BeanNameUrlHandlerMapping      : Rejected bean name 'spring.thymeleaf-org.springframework.boot.autoconfigure.thymeleaf.ThymeleafProperties': no URL paths identified
2018-07-27 09:34:28.696 DEBUG 740 --- [restartedMain] o.s.w.s.h.BeanNameUrlHandlerMapping      : Rejected bean name 'org.springframework.boot.autoconfigure.jdbc.DataSourceTransactionManagerAutoConfiguration$DataSourceTransactionManagerConfiguration': no URL paths identified
2018-07-27 09:34:28.696 DEBUG 740 --- [restartedMain] o.s.w.s.h.BeanNameUrlHandlerMapping      : Rejected bean name 'transactionManager': no URL paths identified
2018-07-27 09:34:28.697 DEBUG 740 --- [restartedMain] o.s.w.s.h.BeanNameUrlHandlerMapping      : Rejected bean name 'org.springframework.boot.autoconfigure.jdbc.DataSourceTransactionManagerAutoConfiguration': no URL paths identified
2018-07-27 09:34:28.697 DEBUG 740 --- [restartedMain] o.s.w.s.h.BeanNameUrlHandlerMapping      : Rejected bean name 'org.springframework.transaction.annotation.ProxyTransactionManagementConfiguration': no URL paths identified
2018-07-27 09:34:28.697 DEBUG 740 --- [restartedMain] o.s.w.s.h.BeanNameUrlHandlerMapping      : Rejected bean name 'org.springframework.transaction.config.internalTransactionAdvisor': no URL paths identified
2018-07-27 09:34:28.697 DEBUG 740 --- [restartedMain] o.s.w.s.h.BeanNameUrlHandlerMapping      : Rejected bean name 'transactionAttributeSource': no URL paths identified
2018-07-27 09:34:28.697 DEBUG 740 --- [restartedMain] o.s.w.s.h.BeanNameUrlHandlerMapping      : Rejected bean name 'transactionInterceptor': no URL paths identified
2018-07-27 09:34:28.697 DEBUG 740 --- [restartedMain] o.s.w.s.h.BeanNameUrlHandlerMapping      : Rejected bean name 'org.springframework.transaction.config.internalTransactionalEventListenerFactory': no URL paths identified
2018-07-27 09:34:28.697 DEBUG 740 --- [restartedMain] o.s.w.s.h.BeanNameUrlHandlerMapping      : Rejected bean name 'org.springframework.boot.autoconfigure.transaction.TransactionAutoConfiguration$EnableTransactionManagementConfiguration$CglibAutoProxyConfiguration': no URL paths identified
2018-07-27 09:34:28.697 DEBUG 740 --- [restartedMain] o.s.w.s.h.BeanNameUrlHandlerMapping      : Rejected bean name 'org.springframework.aop.config.internalAutoProxyCreator': no URL paths identified
2018-07-27 09:34:28.697 DEBUG 740 --- [restartedMain] o.s.w.s.h.BeanNameUrlHandlerMapping      : Rejected bean name 'org.springframework.boot.autoconfigure.transaction.TransactionAutoConfiguration$EnableTransactionManagementConfiguration': no URL paths identified
2018-07-27 09:34:28.697 DEBUG 740 --- [restartedMain] o.s.w.s.h.BeanNameUrlHandlerMapping      : Rejected bean name 'org.springframework.boot.autoconfigure.transaction.TransactionAutoConfiguration$TransactionTemplateConfiguration': no URL paths identified
2018-07-27 09:34:28.697 DEBUG 740 --- [restartedMain] o.s.w.s.h.BeanNameUrlHandlerMapping      : Rejected bean name 'transactionTemplate': no URL paths identified
2018-07-27 09:34:28.697 DEBUG 740 --- [restartedMain] o.s.w.s.h.BeanNameUrlHandlerMapping      : Rejected bean name 'org.springframework.boot.autoconfigure.transaction.TransactionAutoConfiguration': no URL paths identified
2018-07-27 09:34:28.697 DEBUG 740 --- [restartedMain] o.s.w.s.h.BeanNameUrlHandlerMapping      : Rejected bean name 'platformTransactionManagerCustomizers': no URL paths identified
2018-07-27 09:34:28.697 DEBUG 740 --- [restartedMain] o.s.w.s.h.BeanNameUrlHandlerMapping      : Rejected bean name 'spring.transaction-org.springframework.boot.autoconfigure.transaction.TransactionProperties': no URL paths identified
2018-07-27 09:34:28.698 DEBUG 740 --- [restartedMain] o.s.w.s.h.BeanNameUrlHandlerMapping      : Rejected bean name 'org.springframework.boot.autoconfigure.web.client.RestTemplateAutoConfiguration': no URL paths identified
2018-07-27 09:34:28.698 DEBUG 740 --- [restartedMain] o.s.w.s.h.BeanNameUrlHandlerMapping      : Rejected bean name 'restTemplateBuilder': no URL paths identified
2018-07-27 09:34:28.698 DEBUG 740 --- [restartedMain] o.s.w.s.h.BeanNameUrlHandlerMapping      : Rejected bean name 'org.springframework.boot.autoconfigure.web.embedded.EmbeddedWebServerFactoryCustomizerAutoConfiguration$TomcatWebServerFactoryCustomizerConfiguration': no URL paths identified
2018-07-27 09:34:28.698 DEBUG 740 --- [restartedMain] o.s.w.s.h.BeanNameUrlHandlerMapping      : Rejected bean name 'tomcatWebServerFactoryCustomizer': no URL paths identified
2018-07-27 09:34:28.698 DEBUG 740 --- [restartedMain] o.s.w.s.h.BeanNameUrlHandlerMapping      : Rejected bean name 'org.springframework.boot.autoconfigure.web.embedded.EmbeddedWebServerFactoryCustomizerAutoConfiguration': no URL paths identified
2018-07-27 09:34:28.698 DEBUG 740 --- [restartedMain] o.s.w.s.h.BeanNameUrlHandlerMapping      : Rejected bean name 'org.springframework.boot.autoconfigure.web.servlet.HttpEncodingAutoConfiguration': no URL paths identified
2018-07-27 09:34:28.698 DEBUG 740 --- [restartedMain] o.s.w.s.h.BeanNameUrlHandlerMapping      : Rejected bean name 'characterEncodingFilter': no URL paths identified
2018-07-27 09:34:28.698 DEBUG 740 --- [restartedMain] o.s.w.s.h.BeanNameUrlHandlerMapping      : Rejected bean name 'localeCharsetMappingsCustomizer': no URL paths identified
2018-07-27 09:34:28.698 DEBUG 740 --- [restartedMain] o.s.w.s.h.BeanNameUrlHandlerMapping      : Rejected bean name 'org.springframework.boot.autoconfigure.web.servlet.MultipartAutoConfiguration': no URL paths identified
2018-07-27 09:34:28.698 DEBUG 740 --- [restartedMain] o.s.w.s.h.BeanNameUrlHandlerMapping      : Rejected bean name 'multipartConfigElement': no URL paths identified
2018-07-27 09:34:28.698 DEBUG 740 --- [restartedMain] o.s.w.s.h.BeanNameUrlHandlerMapping      : Rejected bean name 'multipartResolver': no URL paths identified
2018-07-27 09:34:28.698 DEBUG 740 --- [restartedMain] o.s.w.s.h.BeanNameUrlHandlerMapping      : Rejected bean name 'spring.servlet.multipart-org.springframework.boot.autoconfigure.web.servlet.MultipartProperties': no URL paths identified
2018-07-27 09:34:28.698 DEBUG 740 --- [restartedMain] o.s.w.s.h.BeanNameUrlHandlerMapping      : Rejected bean name 'org.springframework.boot.devtools.autoconfigure.LocalDevToolsAutoConfiguration$LiveReloadConfiguration': no URL paths identified
2018-07-27 09:34:28.698 DEBUG 740 --- [restartedMain] o.s.w.s.h.BeanNameUrlHandlerMapping      : Rejected bean name 'liveReloadServer': no URL paths identified
2018-07-27 09:34:28.698 DEBUG 740 --- [restartedMain] o.s.w.s.h.BeanNameUrlHandlerMapping      : Rejected bean name 'optionalLiveReloadServer': no URL paths identified
2018-07-27 09:34:28.699 DEBUG 740 --- [restartedMain] o.s.w.s.h.BeanNameUrlHandlerMapping      : Rejected bean name 'liveReloadServerEventListener': no URL paths identified
2018-07-27 09:34:28.699 DEBUG 740 --- [restartedMain] o.s.w.s.h.BeanNameUrlHandlerMapping      : Rejected bean name 'org.springframework.boot.devtools.autoconfigure.LocalDevToolsAutoConfiguration': no URL paths identified
2018-07-27 09:34:28.699 DEBUG 740 --- [restartedMain] o.s.w.s.h.BeanNameUrlHandlerMapping      : Rejected bean name 'spring.devtools-org.springframework.boot.devtools.autoconfigure.DevToolsProperties': no URL paths identified
2018-07-27 09:34:28.699 DEBUG 740 --- [restartedMain] o.s.w.s.h.BeanNameUrlHandlerMapping      : Rejected bean name 'autoConfigurationReport': no URL paths identified
2018-07-27 09:34:28.699 DEBUG 740 --- [restartedMain] o.s.w.s.h.BeanNameUrlHandlerMapping      : Rejected bean name 'org.springframework.boot.context.ContextIdApplicationContextInitializer$ContextId': no URL paths identified
2018-07-27 09:34:28.699 DEBUG 740 --- [restartedMain] o.s.w.s.h.BeanNameUrlHandlerMapping      : Rejected bean name 'springApplicationArguments': no URL paths identified
2018-07-27 09:34:28.699 DEBUG 740 --- [restartedMain] o.s.w.s.h.BeanNameUrlHandlerMapping      : Rejected bean name 'springBootBanner': no URL paths identified
2018-07-27 09:34:28.699 DEBUG 740 --- [restartedMain] o.s.w.s.h.BeanNameUrlHandlerMapping      : Rejected bean name 'springBootLoggingSystem': no URL paths identified
2018-07-27 09:34:28.699 DEBUG 740 --- [restartedMain] o.s.w.s.h.BeanNameUrlHandlerMapping      : Rejected bean name 'environment': no URL paths identified
2018-07-27 09:34:28.699 DEBUG 740 --- [restartedMain] o.s.w.s.h.BeanNameUrlHandlerMapping      : Rejected bean name 'systemProperties': no URL paths identified
2018-07-27 09:34:28.699 DEBUG 740 --- [restartedMain] o.s.w.s.h.BeanNameUrlHandlerMapping      : Rejected bean name 'systemEnvironment': no URL paths identified
2018-07-27 09:34:28.699 DEBUG 740 --- [restartedMain] o.s.w.s.h.BeanNameUrlHandlerMapping      : Rejected bean name 'org.springframework.context.annotation.ConfigurationClassPostProcessor.importRegistry': no URL paths identified
2018-07-27 09:34:28.699 DEBUG 740 --- [restartedMain] o.s.w.s.h.BeanNameUrlHandlerMapping      : Rejected bean name 'messageSource': no URL paths identified
2018-07-27 09:34:28.699 DEBUG 740 --- [restartedMain] o.s.w.s.h.BeanNameUrlHandlerMapping      : Rejected bean name 'applicationEventMulticaster': no URL paths identified
2018-07-27 09:34:28.699 DEBUG 740 --- [restartedMain] o.s.w.s.h.BeanNameUrlHandlerMapping      : Rejected bean name 'servletContext': no URL paths identified
2018-07-27 09:34:28.699 DEBUG 740 --- [restartedMain] o.s.w.s.h.BeanNameUrlHandlerMapping      : Rejected bean name 'contextParameters': no URL paths identified
2018-07-27 09:34:28.699 DEBUG 740 --- [restartedMain] o.s.w.s.h.BeanNameUrlHandlerMapping      : Rejected bean name 'contextAttributes': no URL paths identified
2018-07-27 09:34:28.708  INFO 740 --- [restartedMain] o.s.w.s.handler.SimpleUrlHandlerMapping  : Mapped URL path [/webjars/**] onto handler of type [class org.springframework.web.servlet.resource.ResourceHttpRequestHandler]
2018-07-27 09:34:28.708  INFO 740 --- [restartedMain] o.s.w.s.handler.SimpleUrlHandlerMapping  : Mapped URL path [/**] onto handler of type [class org.springframework.web.servlet.resource.ResourceHttpRequestHandler]
2018-07-27 09:34:28.723 DEBUG 740 --- [restartedMain] .m.m.a.ExceptionHandlerExceptionResolver : Looking for exception mappings: org.springframework.boot.web.servlet.context.AnnotationConfigServletWebServerApplicationContext@7f7d223b: startup date [Fri Jul 27 09:34:24 CST 2018]; root of context hierarchy
2018-07-27 09:34:28.732  INFO 740 --- [restartedMain] .m.m.a.ExceptionHandlerExceptionResolver : Detected @ExceptionHandler methods in exceptionHandler
2018-07-27 09:34:28.853  WARN 740 --- [restartedMain] org.thymeleaf.templatemode.TemplateMode  : [THYMELEAF][restartedMain] Template Mode 'HTML5' is deprecated. Using Template Mode 'HTML' instead.
2018-07-27 09:34:29.326 DEBUG 740 --- [restartedMain] o.s.w.s.v.f.FreeMarkerConfigurer         : Template loader path [class path resource [templates]] resolved to file path [/Users/zhoupei/Documents/ideagit/zzspringboot/target/classes/templates]
2018-07-27 09:34:29.327  INFO 740 --- [restartedMain] o.s.w.s.v.f.FreeMarkerConfigurer         : ClassTemplateLoader for Spring macros added to FreeMarker configuration
2018-07-27 09:34:29.519  INFO 740 --- [restartedMain] o.s.b.d.a.OptionalLiveReloadServer       : LiveReload server is running on port 35729
2018-07-27 09:34:29.569  INFO 740 --- [restartedMain] o.s.j.e.a.AnnotationMBeanExporter        : Registering beans for JMX exposure on startup
2018-07-27 09:34:29.570  INFO 740 --- [restartedMain] o.s.j.e.a.AnnotationMBeanExporter        : Bean with name 'statFilter' has been autodetected for JMX exposure
2018-07-27 09:34:29.571  INFO 740 --- [restartedMain] o.s.j.e.a.AnnotationMBeanExporter        : Bean with name 'dataSource' has been autodetected for JMX exposure
2018-07-27 09:34:29.577  INFO 740 --- [restartedMain] o.s.j.e.a.AnnotationMBeanExporter        : Located MBean 'dataSource': registering with JMX server as MBean [com.alibaba.druid.spring.boot.autoconfigure:name=dataSource,type=DruidDataSourceWrapper]
2018-07-27 09:34:29.578  INFO 740 --- [restartedMain] o.s.j.e.a.AnnotationMBeanExporter        : Located MBean 'statFilter': registering with JMX server as MBean [com.alibaba.druid.filter.stat:name=statFilter,type=StatFilter]
2018-07-27 09:34:29.596 DEBUG 740 --- [restartedMain] o.s.w.s.resource.ResourceUrlProvider     : Looking for resource handler mappings
2018-07-27 09:34:29.598 DEBUG 740 --- [restartedMain] o.s.w.s.resource.ResourceUrlProvider     : Found resource handler mapping: URL pattern="/**/favicon.ico", locations=[class path resource [META-INF/resources/], class path resource [resources/], class path resource [static/], class path resource [public/], ServletContext resource [/], class path resource []], resolvers=[org.springframework.web.servlet.resource.PathResourceResolver@177c44f7]
2018-07-27 09:34:29.598 DEBUG 740 --- [restartedMain] o.s.w.s.resource.ResourceUrlProvider     : Found resource handler mapping: URL pattern="/webjars/**", locations=[class path resource [META-INF/resources/webjars/]], resolvers=[org.springframework.web.servlet.resource.PathResourceResolver@1d0f0dfe]
2018-07-27 09:34:29.598 DEBUG 740 --- [restartedMain] o.s.w.s.resource.ResourceUrlProvider     : Found resource handler mapping: URL pattern="/**", locations=[class path resource [META-INF/resources/], class path resource [resources/], class path resource [static/], class path resource [public/], ServletContext resource [/]], resolvers=[org.springframework.web.servlet.resource.PathResourceResolver@2d0fed14]
2018-07-27 09:34:29.638  INFO 740 --- [restartedMain] o.s.b.w.embedded.tomcat.TomcatWebServer  : Tomcat started on port(s): 8080 (http) with context path '/zz'
2018-07-27 09:34:29.639 DEBUG 740 --- [restartedMain] o.s.w.c.s.StandardServletEnvironment     : Adding PropertySource 'server.ports' with highest search precedence
2018-07-27 09:34:29.644  INFO 740 --- [restartedMain] c.e.z.ZzspringbootApplication            : Started ZzspringbootApplication in 5.406 seconds (JVM running for 6.877)
2018-07-27 09:54:48.040 DEBUG 740 --- [http-nio-8080-exec-1] o.s.web.servlet.DispatcherServlet        : Initializing servlet 'dispatcherServlet'
2018-07-27 09:54:48.041  INFO 740 --- [http-nio-8080-exec-1] o.a.c.c.C.[Tomcat].[localhost].[/zz]     : Initializing Spring FrameworkServlet 'dispatcherServlet'
2018-07-27 09:54:48.041  INFO 740 --- [http-nio-8080-exec-1] o.s.web.servlet.DispatcherServlet        : FrameworkServlet 'dispatcherServlet': initialization started
2018-07-27 09:54:48.041 DEBUG 740 --- [http-nio-8080-exec-1] o.s.web.servlet.DispatcherServlet        : Using MultipartResolver [org.springframework.web.multipart.support.StandardServletMultipartResolver@5637c298]
2018-07-27 09:54:48.046 DEBUG 740 --- [http-nio-8080-exec-1] o.s.web.servlet.DispatcherServlet        : Unable to locate LocaleResolver with name 'localeResolver': using default [org.springframework.web.servlet.i18n.AcceptHeaderLocaleResolver@3b34afe8]
2018-07-27 09:54:48.050 DEBUG 740 --- [http-nio-8080-exec-1] o.s.web.servlet.DispatcherServlet        : Unable to locate ThemeResolver with name 'themeResolver': using default [org.springframework.web.servlet.theme.FixedThemeResolver@680706]
2018-07-27 09:54:48.055 DEBUG 740 --- [http-nio-8080-exec-1] o.s.web.servlet.DispatcherServlet        : Unable to locate RequestToViewNameTranslator with name 'viewNameTranslator': using default [org.springframework.web.servlet.view.DefaultRequestToViewNameTranslator@51edd809]
2018-07-27 09:54:48.062 DEBUG 740 --- [http-nio-8080-exec-1] o.s.web.servlet.DispatcherServlet        : Unable to locate FlashMapManager with name 'flashMapManager': using default [org.springframework.web.servlet.support.SessionFlashMapManager@451bb378]
2018-07-27 09:54:48.062 DEBUG 740 --- [http-nio-8080-exec-1] o.s.web.servlet.DispatcherServlet        : Published WebApplicationContext of servlet 'dispatcherServlet' as ServletContext attribute with name [org.springframework.web.servlet.FrameworkServlet.CONTEXT.dispatcherServlet]
2018-07-27 09:54:48.062  INFO 740 --- [http-nio-8080-exec-1] o.s.web.servlet.DispatcherServlet        : FrameworkServlet 'dispatcherServlet': initialization completed in 21 ms
2018-07-27 09:54:48.062 DEBUG 740 --- [http-nio-8080-exec-1] o.s.web.servlet.DispatcherServlet        : Servlet 'dispatcherServlet' configured successfully
2018-07-27 09:54:48.074 DEBUG 740 --- [http-nio-8080-exec-1] o.s.web.servlet.DispatcherServlet        : DispatcherServlet with name 'dispatcherServlet' processing GET request for [/zz/two/123]
2018-07-27 09:54:48.077 DEBUG 740 --- [http-nio-8080-exec-1] s.w.s.m.m.a.RequestMappingHandlerMapping : Looking up handler method for path /two/123
2018-07-27 09:54:48.081 DEBUG 740 --- [http-nio-8080-exec-1] s.w.s.m.m.a.RequestMappingHandlerMapping : Did not find handler method for [/two/123]
2018-07-27 09:54:48.082 DEBUG 740 --- [http-nio-8080-exec-1] o.s.w.s.handler.SimpleUrlHandlerMapping  : Matching patterns for request [/two/123] are [/**]
2018-07-27 09:54:48.082 DEBUG 740 --- [http-nio-8080-exec-1] o.s.w.s.handler.SimpleUrlHandlerMapping  : URI Template variables for request [/two/123] are {}
2018-07-27 09:54:48.083 DEBUG 740 --- [http-nio-8080-exec-1] o.s.w.s.handler.SimpleUrlHandlerMapping  : Mapping [/two/123] to HandlerExecutionChain with handler [ResourceHttpRequestHandler [locations=[class path resource [META-INF/resources/], class path resource [resources/], class path resource [static/], class path resource [public/], ServletContext resource [/]], resolvers=[org.springframework.web.servlet.resource.PathResourceResolver@2d0fed14]]] and 1 interceptor
2018-07-27 09:54:48.083 DEBUG 740 --- [http-nio-8080-exec-1] o.s.web.servlet.DispatcherServlet        : Last-Modified value for [/zz/two/123] is: -1
2018-07-27 09:54:48.084  INFO 740 --- [http-nio-8080-exec-1] c.e.z.c.interceptor.TwoInterceptor       : two...
2018-07-27 09:54:48.084 DEBUG 740 --- [http-nio-8080-exec-1] o.s.web.servlet.DispatcherServlet        : Successfully completed request
2018-07-27 10:04:56.985  INFO 740 --- [Thread-19] ConfigServletWebServerApplicationContext : Closing org.springframework.boot.web.servlet.context.AnnotationConfigServletWebServerApplicationContext@7f7d223b: startup date [Fri Jul 27 09:34:24 CST 2018]; root of context hierarchy
2018-07-27 10:04:56.988  INFO 740 --- [Thread-19] o.s.j.e.a.AnnotationMBeanExporter        : Unregistering JMX-exposed beans on shutdown
2018-07-27 10:04:56.989  INFO 740 --- [Thread-19] o.s.j.e.a.AnnotationMBeanExporter        : Unregistering JMX-exposed beans
2018-07-27 10:04:57.008  INFO 740 --- [Thread-19] com.alibaba.druid.pool.DruidDataSource   : {dataSource-1} closed
